  stdafx.cpp
  RGBImage.cpp
c:\users\itadev1\documents\visual studio 2015\projects\projecteve\projecteve\ffmpeg64\include\libavutil\rational.h : warning C4819: 현재 코드 페이지(949)에서 표시할 수 없는 문자가 파일에 들어 있습니다. 데이터가 손실되지 않게 하려면 해당 파일을 유니코드 형식으로 저장하십시오.
c:\users\itadev1\documents\visual studio 2015\projects\projecteve - 복사본 (2)\projecteve\rgbimage.cpp(106): warning C4244: '=': 'double'에서 'uint8_t'(으)로 변환하면서 데이터가 손실될 수 있습니다.
c:\users\itadev1\documents\visual studio 2015\projects\projecteve - 복사본 (2)\projecteve\rgbimage.cpp(107): warning C4244: '=': 'double'에서 'uint8_t'(으)로 변환하면서 데이터가 손실될 수 있습니다.
c:\users\itadev1\documents\visual studio 2015\projects\projecteve - 복사본 (2)\projecteve\rgbimage.cpp(108): warning C4244: '=': 'double'에서 'uint8_t'(으)로 변환하면서 데이터가 손실될 수 있습니다.
  ProjectEveDlg.cpp
c:\users\itadev1\documents\visual studio 2015\projects\projecteve\projecteve\ffmpeg64\include\libavutil\rational.h : warning C4819: 현재 코드 페이지(949)에서 표시할 수 없는 문자가 파일에 들어 있습니다. 데이터가 손실되지 않게 하려면 해당 파일을 유니코드 형식으로 저장하십시오.
c:\opencv\build\include\opencv2\core\mat.hpp(2586): warning C4819: 현재 코드 페이지(949)에서 표시할 수 없는 문자가 파일에 들어 있습니다. 데이터가 손실되지 않게 하려면 해당 파일을 유니코드 형식으로 저장하십시오.
c:\opencv\build\include\opencv2\core\persistence.hpp : warning C4819: 현재 코드 페이지(949)에서 표시할 수 없는 문자가 파일에 들어 있습니다. 데이터가 손실되지 않게 하려면 해당 파일을 유니코드 형식으로 저장하십시오.
c:\opencv\build\include\opencv2\core\utility.hpp : warning C4819: 현재 코드 페이지(949)에서 표시할 수 없는 문자가 파일에 들어 있습니다. 데이터가 손실되지 않게 하려면 해당 파일을 유니코드 형식으로 저장하십시오.
c:\opencv\build\include\opencv2\core\utility.hpp : warning C4819: 현재 코드 페이지(949)에서 표시할 수 없는 문자가 파일에 들어 있습니다. 데이터가 손실되지 않게 하려면 해당 파일을 유니코드 형식으로 저장하십시오.
c:\opencv\build\include\opencv2\flann\dist.h : warning C4819: 현재 코드 페이지(949)에서 표시할 수 없는 문자가 파일에 들어 있습니다. 데이터가 손실되지 않게 하려면 해당 파일을 유니코드 형식으로 저장하십시오.
c:\opencv\build\include\opencv2\imgproc.hpp : warning C4819: 현재 코드 페이지(949)에서 표시할 수 없는 문자가 파일에 들어 있습니다. 데이터가 손실되지 않게 하려면 해당 파일을 유니코드 형식으로 저장하십시오.
c:\opencv\build\include\opencv2\imgproc.hpp(592): warning C4819: 현재 코드 페이지(949)에서 표시할 수 없는 문자가 파일에 들어 있습니다. 데이터가 손실되지 않게 하려면 해당 파일을 유니코드 형식으로 저장하십시오.
c:\opencv\build\include\opencv2\stitching\detail\motion_estimators.hpp : warning C4819: 현재 코드 페이지(949)에서 표시할 수 없는 문자가 파일에 들어 있습니다. 데이터가 손실되지 않게 하려면 해당 파일을 유니코드 형식으로 저장하십시오.
c:\opencv\build\include\opencv2\video\tracking.hpp(532): warning C4819: 현재 코드 페이지(949)에서 표시할 수 없는 문자가 파일에 들어 있습니다. 데이터가 손실되지 않게 하려면 해당 파일을 유니코드 형식으로 저장하십시오.
c:\users\itadev1\documents\visual studio 2015\projects\projecteve - 복사본 (2)\projecteve\projectevedlg.cpp(285): warning C4018: '<': signed 또는 unsigned가 일치하지 않습니다.
c:\users\itadev1\documents\visual studio 2015\projects\projecteve - 복사본 (2)\projecteve\projectevedlg.cpp(431): warning C4018: '<': signed 또는 unsigned가 일치하지 않습니다.
c:\users\itadev1\documents\visual studio 2015\projects\projecteve - 복사본 (2)\projecteve\projectevedlg.cpp(617): warning C4018: '<': signed 또는 unsigned가 일치하지 않습니다.
c:\users\itadev1\documents\visual studio 2015\projects\projecteve - 복사본 (2)\projecteve\projectevedlg.cpp(683): warning C4101: 'rotate_filter' :참조되지 않은 지역 변수입니다.
c:\users\itadev1\documents\visual studio 2015\projects\projecteve - 복사본 (2)\projecteve\projectevedlg.cpp(801): warning C4101: 'rotate_filter' :참조되지 않은 지역 변수입니다.
c:\users\itadev1\documents\visual studio 2015\projects\projecteve - 복사본 (2)\projecteve\projectevedlg.cpp(961): warning C4018: '<': signed 또는 unsigned가 일치하지 않습니다.
c:\users\itadev1\documents\visual studio 2015\projects\projecteve - 복사본 (2)\projecteve\projectevedlg.cpp(1242): warning C4244: '=': 'int64_t'에서 'int'(으)로 변환하면서 데이터가 손실될 수 있습니다.
c:\users\itadev1\documents\visual studio 2015\projects\projecteve - 복사본 (2)\projecteve\projectevedlg.cpp(1243): warning C4244: '=': 'int64_t'에서 'int'(으)로 변환하면서 데이터가 손실될 수 있습니다.
c:\users\itadev1\documents\visual studio 2015\projects\projecteve - 복사본 (2)\projecteve\projectevedlg.cpp(1317): warning C4244: '인수': 'time_t'에서 'unsigned int'(으)로 변환하면서 데이터가 손실될 수 있습니다.
c:\users\itadev1\documents\visual studio 2015\projects\projecteve - 복사본 (2)\projecteve\projectevedlg.cpp(1447): warning C4244: '초기화 중': 'int64_t'에서 'int'(으)로 변환하면서 데이터가 손실될 수 있습니다.
c:\users\itadev1\documents\visual studio 2015\projects\projecteve - 복사본 (2)\projecteve\projectevedlg.cpp(1654): warning C4244: '=': 'double'에서 'u_char'(으)로 변환하면서 데이터가 손실될 수 있습니다.
c:\users\itadev1\documents\visual studio 2015\projects\projecteve - 복사본 (2)\projecteve\projectevedlg.cpp(1655): warning C4244: '=': 'double'에서 'u_char'(으)로 변환하면서 데이터가 손실될 수 있습니다.
c:\users\itadev1\documents\visual studio 2015\projects\projecteve - 복사본 (2)\projecteve\projectevedlg.cpp(1656): warning C4244: '=': 'double'에서 'u_char'(으)로 변환하면서 데이터가 손실될 수 있습니다.
c:\users\itadev1\documents\visual studio 2015\projects\projecteve - 복사본 (2)\projecteve\projectevedlg.cpp(1408): warning C4101: 'stream_index' :참조되지 않은 지역 변수입니다.
c:\users\itadev1\documents\visual studio 2015\projects\projecteve - 복사본 (2)\projecteve\projectevedlg.cpp(1560): warning C4101: 'r_R' :참조되지 않은 지역 변수입니다.
c:\users\itadev1\documents\visual studio 2015\projects\projecteve - 복사본 (2)\projecteve\projectevedlg.cpp(1558): warning C4101: 's_G' :참조되지 않은 지역 변수입니다.
c:\users\itadev1\documents\visual studio 2015\projects\projecteve - 복사본 (2)\projecteve\projectevedlg.cpp(1558): warning C4101: 's_R' :참조되지 않은 지역 변수입니다.
c:\users\itadev1\documents\visual studio 2015\projects\projecteve - 복사본 (2)\projecteve\projectevedlg.cpp(1558): warning C4101: 's_B' :참조되지 않은 지역 변수입니다.
c:\users\itadev1\documents\visual studio 2015\projects\projecteve - 복사본 (2)\projecteve\projectevedlg.cpp(1559): warning C4101: 'd_G' :참조되지 않은 지역 변수입니다.
c:\users\itadev1\documents\visual studio 2015\projects\projecteve - 복사본 (2)\projecteve\projectevedlg.cpp(1559): warning C4101: 'd_B' :참조되지 않은 지역 변수입니다.
c:\users\itadev1\documents\visual studio 2015\projects\projecteve - 복사본 (2)\projecteve\projectevedlg.cpp(1559): warning C4101: 'd_R' :참조되지 않은 지역 변수입니다.
c:\users\itadev1\documents\visual studio 2015\projects\projecteve - 복사본 (2)\projecteve\projectevedlg.cpp(1560): warning C4101: 'r_G' :참조되지 않은 지역 변수입니다.
c:\users\itadev1\documents\visual studio 2015\projects\projecteve - 복사본 (2)\projecteve\projectevedlg.cpp(1560): warning C4101: 'r_B' :참조되지 않은 지역 변수입니다.
  ProjectEve.cpp
c:\users\itadev1\documents\visual studio 2015\projects\projecteve\projecteve\ffmpeg64\include\libavutil\rational.h : warning C4819: 현재 코드 페이지(949)에서 표시할 수 없는 문자가 파일에 들어 있습니다. 데이터가 손실되지 않게 하려면 해당 파일을 유니코드 형식으로 저장하십시오.
  MovingImage.cpp
c:\users\itadev1\documents\visual studio 2015\projects\projecteve - 복사본 (2)\projecteve\movingimage.cpp(10): warning C4244: '인수': 'time_t'에서 'unsigned int'(으)로 변환하면서 데이터가 손실될 수 있습니다.
  Media.cpp
c:\users\itadev1\documents\visual studio 2015\projects\projecteve\projecteve\ffmpeg64\include\libavutil\rational.h : warning C4819: 현재 코드 페이지(949)에서 표시할 수 없는 문자가 파일에 들어 있습니다. 데이터가 손실되지 않게 하려면 해당 파일을 유니코드 형식으로 저장하십시오.
c:\users\itadev1\documents\visual studio 2015\projects\projecteve - 복사본 (2)\projecteve\media.cpp(22): warning C4018: '<': signed 또는 unsigned가 일치하지 않습니다.
c:\users\itadev1\documents\visual studio 2015\projects\projecteve - 복사본 (2)\projecteve\media.cpp(45): warning C4018: '<': signed 또는 unsigned가 일치하지 않습니다.
  코드를 생성하고 있습니다...
c:\users\itadev1\documents\visual studio 2015\projects\projecteve - 복사본 (2)\projecteve\projectevedlg.cpp(579): warning C4715: 'CProjectEveDlg::OpenImage': 모든 제어 경로에서 값을 반환하지는 않습니다.
c:\users\itadev1\documents\visual studio 2015\projects\projecteve - 복사본 (2)\projecteve\projectevedlg.cpp(878): warning C4715: 'CProjectEveDlg::init_video_filter_d': 모든 제어 경로에서 값을 반환하지는 않습니다.
c:\users\itadev1\documents\visual studio 2015\projects\projecteve - 복사본 (2)\projecteve\projectevedlg.cpp(760): warning C4715: 'CProjectEveDlg::init_video_filter': 모든 제어 경로에서 값을 반환하지는 않습니다.
c:\users\itadev1\documents\visual studio 2015\projects\projecteve - 복사본 (2)\projecteve\projectevedlg.cpp(794): warning C4715: 'CProjectEveDlg::set_video_filter': 모든 제어 경로에서 값을 반환하지는 않습니다.
c:\users\itadev1\documents\visual studio 2015\projects\projecteve - 복사본 (2)\projecteve\projectevedlg.cpp(912): warning C4715: 'CProjectEveDlg::set_video_filter_d': 모든 제어 경로에서 값을 반환하지는 않습니다.
  ProjectEve.vcxproj -> C:\Users\itaDev1\Documents\Visual Studio 2015\Projects\ProjectEve - 복사본 (2)\x64\Debug\ProjectEve.exe
  ProjectEve.vcxproj -> C:\Users\itaDev1\Documents\Visual Studio 2015\Projects\ProjectEve - 복사본 (2)\x64\Debug\ProjectEve.pdb (Partial PDB)
